<?xml version="1.0" encoding="UTF-8"?>
<!-- Generated by org.testng.reporters.JUnitReportReporter -->
<testsuite hostname="LAPTOP-GCEPLDKO" failures="0" tests="1" name="testrunnerAMFB.TestRunnerAMFB" time="22.700" errors="0" timestamp="2021-09-17T23:51:42 PDT" skipped="0">
  <testcase classname="testrunnerAMFB.TestRunnerAMFB" name="feature" time="22.700"/>
  <system-out/>
</testsuite> <!-- testrunnerAMFB.TestRunnerAMFB -->
